\BOOKMARK [1][-]{section.1}{\376\377\000I\000n\000t\000r\000o\000d\000u\000c\000t\000i\000o\000n}{}% 1
\BOOKMARK [1][-]{section.2}{\376\377\000L\000e\000x\000i\000c\000a\000l\000\040\000A\000n\000a\000l\000y\000s\000i\000s}{}% 2
\BOOKMARK [2][-]{subsection.2.1}{\376\377\000C\000O\000O\000L\000\040\000L\000e\000x\000i\000c\000a\000l\000\040\000S\000t\000r\000u\000c\000t\000u\000r\000e}{section.2}% 3
\BOOKMARK [3][-]{subsubsection.2.1.1}{\376\377\000I\000n\000t\000e\000g\000e\000r\000s\000,\000\040\000I\000d\000e\000n\000t\000i\000f\000i\000e\000r\000s\000,\000\040\000a\000n\000d\000\040\000S\000p\000e\000c\000i\000a\000l\000\040\000N\000o\000t\000a\000t\000i\000o\000n}{subsection.2.1}% 4
\BOOKMARK [3][-]{subsubsection.2.1.2}{\376\377\000S\000t\000r\000i\000n\000g\000s}{subsection.2.1}% 5
\BOOKMARK [3][-]{subsubsection.2.1.3}{\376\377\000C\000o\000m\000m\000e\000n\000t\000s}{subsection.2.1}% 6
\BOOKMARK [3][-]{subsubsection.2.1.4}{\376\377\000K\000e\000y\000w\000o\000r\000d\000s}{subsection.2.1}% 7
\BOOKMARK [3][-]{subsubsection.2.1.5}{\376\377\000W\000h\000i\000t\000e\000s\000p\000a\000c\000e}{subsection.2.1}% 8
\BOOKMARK [3][-]{subsubsection.2.1.6}{\376\377\000O\000p\000e\000r\000a\000t\000o\000r\000s\000\040\000a\000n\000d\000\040\000P\000u\000n\000c\000t\000u\000a\000t\000i\000o\000n}{subsection.2.1}% 9
\BOOKMARK [2][-]{subsection.2.2}{\376\377\000I\000m\000p\000l\000e\000m\000e\000n\000t\000a\000t\000i\000o\000n\000\040\000D\000e\000t\000a\000i\000l\000s}{section.2}% 10
\BOOKMARK [1][-]{section.3}{\376\377\000S\000y\000n\000t\000a\000x\000\040\000A\000n\000a\000l\000y\000s\000i\000s}{}% 11
\BOOKMARK [2][-]{subsection.3.1}{\376\377\000C\000O\000O\000L\000\040\000S\000y\000n\000t\000a\000x}{section.3}% 12
\BOOKMARK [2][-]{subsection.3.2}{\376\377\000A\000N\000T\000L\000R\000\040\000P\000a\000r\000s\000e\000r\000\040\000G\000r\000a\000m\000m\000a\000r}{section.3}% 13
\BOOKMARK [2][-]{subsection.3.3}{\376\377\000P\000r\000e\000c\000e\000d\000e\000n\000c\000e\000\040\000a\000n\000d\000\040\000A\000s\000s\000o\000c\000i\000a\000t\000i\000v\000i\000t\000y}{section.3}% 14
\BOOKMARK [2][-]{subsection.3.4}{\376\377\000I\000m\000p\000l\000e\000m\000e\000n\000t\000a\000t\000i\000o\000n\000\040\000D\000e\000t\000a\000i\000l\000s}{section.3}% 15
\BOOKMARK [1][-]{section.4}{\376\377\000A\000b\000s\000t\000r\000a\000c\000t\000\040\000S\000y\000n\000t\000a\000x\000\040\000T\000r\000e\000e\000\040\000\050\000A\000S\000T\000\051\000\040\000C\000o\000n\000s\000t\000r\000u\000c\000t\000i\000o\000n}{}% 16
\BOOKMARK [2][-]{subsection.4.1}{\376\377\000P\000u\000r\000p\000o\000s\000e}{section.4}% 17
\BOOKMARK [2][-]{subsection.4.2}{\376\377\000I\000m\000p\000l\000e\000m\000e\000n\000t\000a\000t\000i\000o\000n}{section.4}% 18
\BOOKMARK [2][-]{subsection.4.3}{\376\377\000F\000e\000a\000t\000u\000r\000e\000s}{section.4}% 19
\BOOKMARK [1][-]{section.5}{\376\377\000S\000e\000m\000a\000n\000t\000i\000c\000\040\000A\000n\000a\000l\000y\000s\000i\000s}{}% 20
\BOOKMARK [2][-]{subsection.5.1}{\376\377\000P\000u\000r\000p\000o\000s\000e}{section.5}% 21
\BOOKMARK [2][-]{subsection.5.2}{\376\377\000I\000m\000p\000l\000e\000m\000e\000n\000t\000a\000t\000i\000o\000n}{section.5}% 22
\BOOKMARK [2][-]{subsection.5.3}{\376\377\000K\000e\000y\000\040\000F\000e\000a\000t\000u\000r\000e\000s}{section.5}% 23
\BOOKMARK [1][-]{section.6}{\376\377\000I\000n\000t\000e\000r\000m\000e\000d\000i\000a\000t\000e\000\040\000C\000o\000d\000e\000\040\000G\000e\000n\000e\000r\000a\000t\000i\000o\000n}{}% 24
\BOOKMARK [2][-]{subsection.6.1}{\376\377\000P\000u\000r\000p\000o\000s\000e}{section.6}% 25
\BOOKMARK [2][-]{subsection.6.2}{\376\377\000I\000m\000p\000l\000e\000m\000e\000n\000t\000a\000t\000i\000o\000n}{section.6}% 26
\BOOKMARK [2][-]{subsection.6.3}{\376\377\000F\000e\000a\000t\000u\000r\000e\000s}{section.6}% 27
\BOOKMARK [1][-]{section.7}{\376\377\000V\000i\000s\000u\000a\000l\000i\000z\000a\000t\000i\000o\000n}{}% 28
\BOOKMARK [2][-]{subsection.7.1}{\376\377\000P\000u\000r\000p\000o\000s\000e}{section.7}% 29
\BOOKMARK [2][-]{subsection.7.2}{\376\377\000I\000m\000p\000l\000e\000m\000e\000n\000t\000a\000t\000i\000o\000n}{section.7}% 30
\BOOKMARK [2][-]{subsection.7.3}{\376\377\000F\000e\000a\000t\000u\000r\000e\000s}{section.7}% 31
\BOOKMARK [1][-]{section.8}{\376\377\000O\000p\000t\000i\000m\000i\000z\000a\000t\000i\000o\000n}{}% 32
\BOOKMARK [2][-]{subsection.8.1}{\376\377\000P\000u\000r\000p\000o\000s\000e}{section.8}% 33
\BOOKMARK [2][-]{subsection.8.2}{\376\377\000I\000m\000p\000l\000e\000m\000e\000n\000t\000a\000t\000i\000o\000n}{section.8}% 34
\BOOKMARK [2][-]{subsection.8.3}{\376\377\000F\000e\000a\000t\000u\000r\000e\000s}{section.8}% 35
\BOOKMARK [1][-]{section.9}{\376\377\000C\000o\000d\000e\000\040\000G\000e\000n\000e\000r\000a\000t\000i\000o\000n}{}% 36
\BOOKMARK [2][-]{subsection.9.1}{\376\377\000P\000u\000r\000p\000o\000s\000e}{section.9}% 37
\BOOKMARK [2][-]{subsection.9.2}{\376\377\000I\000m\000p\000l\000e\000m\000e\000n\000t\000a\000t\000i\000o\000n}{section.9}% 38
\BOOKMARK [2][-]{subsection.9.3}{\376\377\000F\000e\000a\000t\000u\000r\000e\000s}{section.9}% 39
\BOOKMARK [1][-]{section.10}{\376\377\000M\000a\000i\000n\000\040\000W\000o\000r\000k\000f\000l\000o\000w}{}% 40
\BOOKMARK [2][-]{subsection.10.1}{\376\377\000I\000m\000p\000l\000e\000m\000e\000n\000t\000a\000t\000i\000o\000n}{section.10}% 41
\BOOKMARK [2][-]{subsection.10.2}{\376\377\000F\000e\000a\000t\000u\000r\000e\000s}{section.10}% 42
\BOOKMARK [1][-]{section.11}{\376\377\000C\000o\000n\000c\000l\000u\000s\000i\000o\000n}{}% 43
